#
# There is insufficient memory for the Java Runtime Environment to continue.
# Native memory allocation (malloc) failed to allocate 745776 bytes for Chunk::new
# Possible reasons:
#   The system is out of physical RAM or swap space
#   The process is running with CompressedOops enabled, and the Java Heap may be blocking the growth of the native heap
# Possible solutions:
#   Reduce memory load on the system
#   Increase physical memory or swap space
#   Check if swap backing store is full
#   Decrease Java heap size (-Xmx/-Xms)
#   Decrease number of Java threads
#   Decrease Java thread stack sizes (-Xss)
#   Set larger code cache with -XX:ReservedCodeCacheSize=
#   JVM is running with Unscaled Compressed Oops mode in which the Java heap is
#     placed in the first 4GB address space. The Java Heap base address is the
#     maximum limit for the native heap growth. Please use -XX:HeapBaseMinAddress
#     to set the Java Heap base and to place the Java Heap above 4GB virtual address.
# This output file may be truncated or incomplete.
#
#  Out of Memory Error (allocation.cpp:389), pid=34232, tid=0x0000000000003124
#
# JRE version: Java(TM) SE Runtime Environment (8.0_241-b07) (build 1.8.0_241-b07)
# Java VM: Java HotSpot(TM) 64-Bit Server VM (25.241-b07 mixed mode windows-amd64 compressed oops)
# Failed to write core dump. Minidumps are not enabled by default on client versions of Windows
#

---------------  T H R E A D  ---------------

Current thread (0x0000000017f4e000):  JavaThread "C2 CompilerThread1" daemon [_thread_in_native, id=12580, stack(0x000000001a180000,0x000000001a280000)]

Stack: [0x000000001a180000,0x000000001a280000]
[error occurred during error reporting (printing stack bounds), id 0xc0000005]

Native frames: (J=compiled Java code, j=interpreted, Vv=VM code, C=native code)


Current CompileTask:
C2:   4152  332       4       org.eclipse.jdt.launching.internal.org.objectweb.asm.ClassReader::readCode (5071 bytes)


---------------  P R O C E S S  ---------------

Java Threads: ( => current thread )
  0x0000000019e2e000 JavaThread "Service Thread" daemon [_thread_blocked, id=36760, stack(0x000000001a380000,0x000000001a480000)]
  0x0000000019da9000 JavaThread "C1 CompilerThread2" daemon [_thread_blocked, id=28152, stack(0x000000001a280000,0x000000001a380000)]
=>0x0000000017f4e000 JavaThread "C2 CompilerThread1" daemon [_thread_in_native, id=12580, stack(0x000000001a180000,0x000000001a280000)]
  0x0000000019e38000 JavaThread "C2 CompilerThread0" daemon [_thread_in_native, id=11868, stack(0x000000001a080000,0x000000001a180000)]
  0x0000000017f09800 JavaThread "JDWP Command Reader" daemon [_thread_in_native, id=38180, stack(0x0000000019b80000,0x0000000019c80000)]
  0x0000000017f08000 JavaThread "JDWP Event Helper Thread" daemon [_thread_blocked, id=22076, stack(0x0000000019a80000,0x0000000019b80000)]
  0x0000000017ef5000 JavaThread "JDWP Transport Listener: dt_socket" daemon [_thread_blocked, id=17660, stack(0x0000000019540000,0x0000000019640000)]
  0x0000000017eed000 JavaThread "Attach Listener" daemon [_thread_blocked, id=38416, stack(0x0000000019440000,0x0000000019540000)]
  0x0000000017eeb800 JavaThread "Signal Dispatcher" daemon [_thread_blocked, id=20032, stack(0x0000000019340000,0x0000000019440000)]
  0x0000000017eda800 JavaThread "Finalizer" daemon [_thread_blocked, id=1428, stack(0x0000000019150000,0x0000000019250000)]
  0x0000000017eb9000 JavaThread "Reference Handler" daemon [_thread_blocked, id=31228, stack(0x0000000019050000,0x0000000019150000)]
  0x0000000003293000 JavaThread "main" [_thread_in_vm, id=26148, stack(0x0000000002fa0000,0x00000000030a0000)]

Other Threads:
  0x0000000017eb7000 VMThread [stack: 0x0000000018f50000,0x0000000019050000] [id=37680]
  0x0000000019e2f000 WatcherThread [stack: 0x000000001a480000,0x000000001a580000] [id=34380]

VM state:not at safepoint (normal execution)

VM Mutex/Monitor currently owned by a thread: None

heap address: 0x0000000081600000, size: 2026 MB, Compressed Oops mode: 32-bit
Narrow klass base: 0x0000000000000000, Narrow klass shift: 3
Compressed class space size: 1073741824 Address: 0x0000000100000000

Heap:
 PSYoungGen      total 38400K, used 17471K [0x00000000d5d00000, 0x00000000d8780000, 0x0000000100000000)
  eden space 33280K, 52% used [0x00000000d5d00000,0x00000000d6e0ffc8,0x00000000d7d80000)
  from space 5120K, 0% used [0x00000000d8280000,0x00000000d8280000,0x00000000d8780000)
  to   space 5120K, 0% used [0x00000000d7d80000,0x00000000d7d80000,0x00000000d8280000)
 ParOldGen       total 87552K, used 0K [0x0000000081600000, 0x0000000086b80000, 0x00000000d5d00000)
  object space 87552K, 0% used [0x0000000081600000,0x0000000081600000,0x0000000086b80000)
 Metaspace       used 6810K, capacity 6890K, committed 7040K, reserved 1056768K
  class space    used 763K, capacity 785K, committed 896K, reserved 1048576K

Card table byte_map: [0x0000000012750000,0x0000000012b50000] byte_map_base: 0x0000000012345000

Marking Bits: (ParMarkBitMap*) 0x0000000067f2be30
 Begin Bits: [0x0000000013200000, 0x00000000151a8000)
 End Bits:   [0x00000000151a8000, 0x0000000017150000)

Polling page: 0x00000000017d0000

CodeCache: size=245760Kb used=2594Kb max_used=2594Kb free=243165Kb
 bounds [0x0000000003390000, 0x0000000003620000, 0x0000000012390000]
 total_blobs=718 nmethods=398 adapters=241
 compilation: enabled

Compilation events (10 events):
Event: 4.120 Thread 0x0000000019da9000  381       3       java.io.BufferedInputStream::read1 (108 bytes)
Event: 4.121 Thread 0x0000000019da9000 nmethod 381 0x0000000003608f90 code [0x00000000036091a0, 0x0000000003609ad8]
Event: 4.121 Thread 0x0000000019da9000  382       3       java.io.DataInputStream::readUnsignedShort (39 bytes)
Event: 4.121 Thread 0x0000000019da9000 nmethod 382 0x0000000003608850 code [0x00000000036089e0, 0x0000000003608de8]
Event: 4.121 Thread 0x0000000019da9000  380       3       java.io.DataInputStream::readUTF (5 bytes)
Event: 4.121 Thread 0x0000000019da9000 nmethod 380 0x00000000036084d0 code [0x0000000003608640, 0x00000000036087c8]
Event: 4.121 Thread 0x0000000019da9000  384       3       java.io.DataInputStream::readShort (40 bytes)
Event: 4.121 Thread 0x0000000019da9000 nmethod 384 0x0000000003610b50 code [0x0000000003610ce0, 0x00000000036110e8]
Event: 4.121 Thread 0x0000000019da9000  385       3       java.io.DataInputStream::readFully (9 bytes)
Event: 4.122 Thread 0x0000000019da9000 nmethod 385 0x0000000003611290 code [0x0000000003611400, 0x0000000003611628]

GC Heap History (0 events):
No events

Deoptimization events (2 events):
Event: 4.097 Thread 0x0000000003293000 Uncommon trap: reason=unstable_if action=reinterpret pc=0x000000000350faa0 method=org.eclipse.jdt.launching.internal.org.objectweb.asm.ClassReader.readUTF(II[C)Ljava/lang/String; @ 41
Event: 4.097 Thread 0x0000000003293000 Uncommon trap: reason=unstable_if action=reinterpret pc=0x00000000035687e4 method=org.eclipse.jdt.launching.internal.org.objectweb.asm.ByteVector.putUTF8(Ljava/lang/String;)Lorg/eclipse/jdt/launching/internal/org/objectweb/asm/ByteVector; @ 98

Classes redefined (0 events):
No events

Internal exceptions (6 events):
Event: 0.149 Thread 0x0000000003293000 Exception <a 'java/lang/NoSuchMethodError': Method sun.misc.Unsafe.defineClass(Ljava/lang/String;[BII)Ljava/lang/Class; name or signature does not match> (0x00000000d5d07cc0) thrown at [C:\ade\jenkins\workspace\8-2-build-windows-amd64-cygwin\jdk8u241\331\
Event: 0.149 Thread 0x0000000003293000 Exception <a 'java/lang/NoSuchMethodError': Method sun.misc.Unsafe.prefetchRead(Ljava/lang/Object;J)V name or signature does not match> (0x00000000d5d07fa8) thrown at [C:\ade\jenkins\workspace\8-2-build-windows-amd64-cygwin\jdk8u241\331\hotspot\src\share\
Event: 3.829 Thread 0x0000000003293000 Exception <a 'java/security/PrivilegedActionException'> (0x00000000d6493658) thrown at [C:\ade\jenkins\workspace\8-2-build-windows-amd64-cygwin\jdk8u241\331\hotspot\src\share\vm\prims\jvm.cpp, line 1502]
Event: 3.829 Thread 0x0000000003293000 Exception <a 'java/security/PrivilegedActionException'> (0x00000000d6493a50) thrown at [C:\ade\jenkins\workspace\8-2-build-windows-amd64-cygwin\jdk8u241\331\hotspot\src\share\vm\prims\jvm.cpp, line 1502]
Event: 3.831 Thread 0x0000000003293000 Exception <a 'java/security/PrivilegedActionException'> (0x00000000d6497a90) thrown at [C:\ade\jenkins\workspace\8-2-build-windows-amd64-cygwin\jdk8u241\331\hotspot\src\share\vm\prims\jvm.cpp, line 1502]
Event: 3.831 Thread 0x0000000003293000 Exception <a 'java/security/PrivilegedActionException'> (0x00000000d6497e88) thrown at [C:\ade\jenkins\workspace\8-2-build-windows-amd64-cygwin\jdk8u241\331\hotspot\src\share\vm\prims\jvm.cpp, line 1502]

Events (10 events):
Event: 4.126 Thread 0x0000000003293000 DEOPT PACKING pc=0x000000000359e33c sp=0x000000000309c590
Event: 4.126 Thread 0x0000000003293000 DEOPT UNPACKING pc=0x00000000033d7890 sp=0x000000000309c3b0 mode 1
Event: 4.126 Thread 0x0000000003293000 DEOPT PACKING pc=0x000000000359e0d4 sp=0x000000000309c720
Event: 4.126 Thread 0x0000000003293000 DEOPT UNPACKING pc=0x00000000033d7890 sp=0x000000000309c540 mode 1
Event: 4.127 loading class java/lang/Throwable$PrintStreamOrWriter
Event: 4.127 loading class java/lang/Throwable$PrintStreamOrWriter done
Event: 4.127 loading class java/io/PrintWriter
Event: 4.128 loading class java/io/PrintWriter done
Event: 4.128 loading class java/io/ObjectOutputStream
Event: 4.128 loading class java/io/ObjectOutput


Dynamic libraries:
0x00007ff775030000 - 0x00007ff775067000 	C:\Program Files\Java\jre1.8.0_241\bin\javaw.exe
0x00007ffcddad0000 - 0x00007ffcddcb1000 	C:\WINDOWS\SYSTEM32\ntdll.dll
0x00007ffcdd2e0000 - 0x00007ffcdd391000 	C:\WINDOWS\System32\KERNEL32.DLL
0x00007ffcdab30000 - 0x00007ffcdada3000 	C:\WINDOWS\System32\KERNELBASE.dll
0x00007ffcdbc10000 - 0x00007ffcdbcb1000 	C:\WINDOWS\System32\ADVAPI32.dll
0x00007ffcdaf50000 - 0x00007ffcdafee000 	C:\WINDOWS\System32\msvcrt.dll
0x00007ffcdd200000 - 0x00007ffcdd25b000 	C:\WINDOWS\System32\sechost.dll
0x00007ffcdd810000 - 0x00007ffcdd934000 	C:\WINDOWS\System32\RPCRT4.dll
0x00007ffcdb1f0000 - 0x00007ffcdb380000 	C:\WINDOWS\System32\USER32.dll
0x00007ffcda6a0000 - 0x00007ffcda6c0000 	C:\WINDOWS\System32\win32u.dll
0x00007ffcdd7e0000 - 0x00007ffcdd808000 	C:\WINDOWS\System32\GDI32.dll
0x00007ffcdadb0000 - 0x00007ffcdaf41000 	C:\WINDOWS\System32\gdi32full.dll
0x00007ffcda5a0000 - 0x00007ffcda63f000 	C:\WINDOWS\System32\msvcp_win.dll
0x00007ffcda7f0000 - 0x00007ffcda8e8000 	C:\WINDOWS\System32\ucrtbase.dll
0x00007ffcd1970000 - 0x00007ffcd1bd9000 	C:\WINDOWS\WinSxS\amd64_microsoft.windows.common-controls_6595b64144ccf1df_6.0.17134.1304_none_d3fbe61b7c93d9f0\COMCTL32.dll
0x00007ffcdd4b0000 - 0x00007ffcdd7d1000 	C:\WINDOWS\System32\combase.dll
0x00007ffcda6c0000 - 0x00007ffcda739000 	C:\WINDOWS\System32\bcryptPrimitives.dll
0x00007ffcdb730000 - 0x00007ffcdb75d000 	C:\WINDOWS\System32\IMM32.DLL
0x0000000067fb0000 - 0x0000000068082000 	C:\Program Files\Java\jre1.8.0_241\bin\msvcr100.dll
0x0000000067700000 - 0x0000000067fac000 	C:\Program Files\Java\jre1.8.0_241\bin\server\jvm.dll
0x00007ffcdb380000 - 0x00007ffcdb388000 	C:\WINDOWS\System32\PSAPI.DLL
0x00007ffcd2a00000 - 0x00007ffcd2a23000 	C:\WINDOWS\SYSTEM32\WINMM.dll
0x00007ffcd0450000 - 0x00007ffcd0459000 	C:\WINDOWS\SYSTEM32\WSOCK32.dll
0x00007ffcdd440000 - 0x00007ffcdd4ac000 	C:\WINDOWS\System32\WS2_32.dll
0x00007ffcd29d0000 - 0x00007ffcd29fa000 	C:\WINDOWS\SYSTEM32\WINMMBASE.dll
0x00007ffcda8f0000 - 0x00007ffcda939000 	C:\WINDOWS\System32\cfgmgr32.dll
0x00007ffcd4fb0000 - 0x00007ffcd4fba000 	C:\WINDOWS\SYSTEM32\VERSION.dll
0x00007ffcd4f70000 - 0x00007ffcd4f7f000 	C:\Program Files\Java\jre1.8.0_241\bin\verify.dll
0x00007ffcc4780000 - 0x00007ffcc47a9000 	C:\Program Files\Java\jre1.8.0_241\bin\java.dll
0x00007ffcbf490000 - 0x00007ffcbf4c5000 	C:\Program Files\Java\jre1.8.0_241\bin\jdwp.dll
0x00007ffccec20000 - 0x00007ffccec28000 	C:\Program Files\Java\jre1.8.0_241\bin\npt.dll
0x00007ffcc32b0000 - 0x00007ffcc32d3000 	C:\Program Files\Java\jre1.8.0_241\bin\instrument.dll
0x00007ffccc890000 - 0x00007ffccc8a6000 	C:\Program Files\Java\jre1.8.0_241\bin\zip.dll
0x00007ffcdbdb0000 - 0x00007ffcdd1f5000 	C:\WINDOWS\System32\SHELL32.dll
0x00007ffcdbcd0000 - 0x00007ffcdbd79000 	C:\WINDOWS\System32\shcore.dll
0x00007ffcd9e90000 - 0x00007ffcda5a0000 	C:\WINDOWS\System32\windows.storage.dll
0x00007ffcdb6d0000 - 0x00007ffcdb721000 	C:\WINDOWS\System32\shlwapi.dll
0x00007ffcd9e50000 - 0x00007ffcd9e61000 	C:\WINDOWS\System32\kernel.appcore.dll
0x00007ffcd9e30000 - 0x00007ffcd9e4f000 	C:\WINDOWS\System32\profapi.dll
0x00007ffcd9de0000 - 0x00007ffcd9e2c000 	C:\WINDOWS\System32\powrprof.dll
0x00007ffcd9dd0000 - 0x00007ffcd9dda000 	C:\WINDOWS\System32\FLTLIB.DLL
0x00007ffccc8b0000 - 0x00007ffccc8b9000 	C:\Program Files\Java\jre1.8.0_241\bin\dt_socket.dll
0x00007ffcca540000 - 0x00007ffcca556000 	C:\WINDOWS\system32\napinsp.dll
0x00007ffcc0d60000 - 0x00007ffcc0d7a000 	C:\WINDOWS\system32\pnrpnsp.dll
0x00007ffcd6300000 - 0x00007ffcd6319000 	C:\WINDOWS\system32\NLAapi.dll
0x00007ffcd9650000 - 0x00007ffcd96b6000 	C:\WINDOWS\System32\mswsock.dll
0x00007ffcd9430000 - 0x00007ffcd94ee000 	C:\WINDOWS\SYSTEM32\DNSAPI.dll
0x00007ffcdbcc0000 - 0x00007ffcdbcc8000 	C:\WINDOWS\System32\NSI.dll
0x00007ffcd93a0000 - 0x00007ffcd93d8000 	C:\WINDOWS\SYSTEM32\IPHLPAPI.DLL
0x00007ffcd56d0000 - 0x00007ffcd56de000 	C:\WINDOWS\System32\winrnr.dll
0x00007ffcc2000000 - 0x00007ffcc2015000 	C:\WINDOWS\System32\wshbth.dll
0x0000000069160000 - 0x0000000069186000 	C:\Program Files\Bonjour\mdnsNSP.dll
0x00007ffcd2530000 - 0x00007ffcd25a2000 	C:\WINDOWS\System32\fwpuclnt.dll
0x00007ffcd9930000 - 0x00007ffcd9955000 	C:\WINDOWS\SYSTEM32\bcrypt.dll
0x00007ffcd25b0000 - 0x00007ffcd25ba000 	C:\Windows\System32\rasadhlp.dll
0x00007ffcc9940000 - 0x00007ffcc995a000 	C:\Program Files\Java\jre1.8.0_241\bin\net.dll

VM Arguments:
jvm_args: -agentlib:jdwp=transport=dt_socket,suspend=y,address=localhost:53275 -javaagent:C:\Users\DELL\eclipse-jee-photon-R-win32-x86_64\eclipse\configuration\org.eclipse.osgi\418\0\.cp\lib\javaagent-shaded.jar -Dfile.encoding=Cp1252 
java_command: seliniumprgm.automationpractice2
java_class_path (initial): C:\Program Files\Java\jre1.8.0_241\lib\resources.jar;C:\Program Files\Java\jre1.8.0_241\lib\rt.jar;C:\Program Files\Java\jre1.8.0_241\lib\jsse.jar;C:\Program Files\Java\jre1.8.0_241\lib\jce.jar;C:\Program Files\Java\jre1.8.0_241\lib\charsets.jar;C:\Program Files\Java\jre1.8.0_241\lib\jfr.jar;C:\Program Files\Java\jre1.8.0_241\lib\ext\access-bridge-64.jar;C:\Program Files\Java\jre1.8.0_241\lib\ext\cldrdata.jar;C:\Program Files\Java\jre1.8.0_241\lib\ext\dnsns.jar;C:\Program Files\Java\jre1.8.0_241\lib\ext\jaccess.jar;C:\Program Files\Java\jre1.8.0_241\lib\ext\jfxrt.jar;C:\Program Files\Java\jre1.8.0_241\lib\ext\localedata.jar;C:\Program Files\Java\jre1.8.0_241\lib\ext\nashorn.jar;C:\Program Files\Java\jre1.8.0_241\lib\ext\sunec.jar;C:\Program Files\Java\jre1.8.0_241\lib\ext\sunjce_provider.jar;C:\Program Files\Java\jre1.8.0_241\lib\ext\sunmscapi.jar;C:\Program Files\Java\jre1.8.0_241\lib\ext\sunpkcs11.jar;C:\Program Files\Java\jre1.8.0_241\lib\ext\zipfs.jar;D:\Selenium\Selenium\bin;D:\Selenium\Selenium\LibraryFiles\selenium-server-standalone-3.141.59.jar;D:\Selenium\Selenium\LibraryFiles\commons-io-2.6.jar;C:\Users\DELL\eclipse-jee-photon-R-win32-x86_64\eclipse\configuration\org.eclipse.osgi\418\0\.cp\lib\javaagent-shaded.jar
Launcher Type: SUN_STANDARD

Environment Variables:
JAVA_HOME=C:\Program Files\Java\jre7
PATH=C:\Program Files (x86)\Common Files\Oracle\Java\javapath;C:\oraclexe\app\oracle\product\10.2.0\server\bin;C:\WINDOWS\system32;C:\WINDOWS;C:\WINDOWS\System32\Wbem;C:\WINDOWS\System32\WindowsPowerShell\v1.0\;C:\WINDOWS\System32\OpenSSH\;C:\Users\DELL\AppData\Local\Microsoft\WindowsApps;
USERNAME=DELL
OS=Windows_NT
PROCESSOR_IDENTIFIER=Intel64 Family 6 Model 61 Stepping 4, GenuineIntel



---------------  S Y S T E M  ---------------

OS: Windows 10.0 , 64 bit Build 17134 (10.0.17134.753)

CPU:total 4 (initial active 4) (2 cores per cpu, 2 threads per core) family 6 model 61 stepping 4, cmov, cx8, fxsr, mmx, sse, sse2, sse3, ssse3, sse4.1, sse4.2, popcnt, avx, avx2, aes, clmul, erms, 3dnowpref, lzcnt, ht, tsc, tscinvbit, bmi1, bmi2, adx

Memory: 4k page, physical 8296944k(886212k free), swap 33462768k(2856k free)

vm_info: Java HotSpot(TM) 64-Bit Server VM (25.241-b07) for windows-amd64 JRE (1.8.0_241-b07), built on Dec 11 2019 10:21:40 by "rejava" with MS VC++ 10.0 (VS2010)

time: Wed Feb 26 11:41:20 2020
timezone: India Standard Time
elapsed time: 4 seconds (0d 0h 0m 4s)

