#
# There is insufficient memory for the Java Runtime Environment to continue.
# Native memory allocation (malloc) failed to allocate 32744 bytes for ChunkPool::allocate
# Possible reasons:
#   The system is out of physical RAM or swap space
#   The process is running with CompressedOops enabled, and the Java Heap may be blocking the growth of the native heap
# Possible solutions:
#   Reduce memory load on the system
#   Increase physical memory or swap space
#   Check if swap backing store is full
#   Decrease Java heap size (-Xmx/-Xms)
#   Decrease number of Java threads
#   Decrease Java thread stack sizes (-Xss)
#   Set larger code cache with -XX:ReservedCodeCacheSize=
#   JVM is running with Unscaled Compressed Oops mode in which the Java heap is
#     placed in the first 4GB address space. The Java Heap base address is the
#     maximum limit for the native heap growth. Please use -XX:HeapBaseMinAddress
#     to set the Java Heap base and to place the Java Heap above 4GB virtual address.
# This output file may be truncated or incomplete.
#
#  Out of Memory Error (allocation.cpp:272), pid=21832, tid=0x0000000000001a2c
#
# JRE version: Java(TM) SE Runtime Environment (8.0_241-b07) (build 1.8.0_241-b07)
# Java VM: Java HotSpot(TM) 64-Bit Server VM (25.241-b07 mixed mode windows-amd64 compressed oops)
# Failed to write core dump. Minidumps are not enabled by default on client versions of Windows
#

---------------  T H R E A D  ---------------

Current thread (0x00000000194c8800):  JavaThread "C2 CompilerThread0" daemon [_thread_in_native, id=6700, stack(0x0000000019700000,0x0000000019800000)]

Stack: [0x0000000019700000,0x0000000019800000]
[error occurred during error reporting (printing stack bounds), id 0xc0000005]

Native frames: (J=compiled Java code, j=interpreted, Vv=VM code, C=native code)


Current CompileTask:
C2:  17005 1573       4       org.eclipse.jdt.launching.internal.org.objectweb.asm.MethodWriter::putFrameType (83 bytes)


---------------  P R O C E S S  ---------------

Java Threads: ( => current thread )
  0x000000001ac5b800 JavaThread "Okio Watchdog" daemon [_thread_blocked, id=4920, stack(0x000000001df10000,0x000000001e010000)]
  0x000000001c280800 JavaThread "OkHttp ConnectionPool" daemon [_thread_blocked, id=2464, stack(0x000000001c9a0000,0x000000001caa0000)]
  0x000000001a7aa000 JavaThread "Exec Stream Pumper" daemon [_thread_in_native, id=33136, stack(0x000000001b6d0000,0x000000001b7d0000)]
  0x000000001a7a9000 JavaThread "Exec Stream Pumper" daemon [_thread_in_native, id=17088, stack(0x000000001b5d0000,0x000000001b6d0000)]
  0x000000001a34e000 JavaThread "UrlChecker-2" daemon [_thread_blocked, id=38076, stack(0x000000001b4d0000,0x000000001b5d0000)]
  0x0000000019e6e800 JavaThread "Exec Default Executor" daemon [_thread_in_native, id=37396, stack(0x000000001b3d0000,0x000000001b4d0000)]
  0x0000000019481000 JavaThread "Service Thread" daemon [_thread_blocked, id=10292, stack(0x0000000019a00000,0x0000000019b00000)]
  0x00000000194d3800 JavaThread "C1 CompilerThread2" daemon [_thread_blocked, id=8396, stack(0x0000000019900000,0x0000000019a00000)]
  0x000000001940f000 JavaThread "C2 CompilerThread1" daemon [_thread_in_native, id=25292, stack(0x0000000019800000,0x0000000019900000)]
=>0x00000000194c8800 JavaThread "C2 CompilerThread0" daemon [_thread_in_native, id=6700, stack(0x0000000019700000,0x0000000019800000)]
  0x000000001760b000 JavaThread "JDWP Command Reader" daemon [_thread_in_native, id=18472, stack(0x0000000019200000,0x0000000019300000)]
  0x000000001760a000 JavaThread "JDWP Event Helper Thread" daemon [_thread_blocked, id=13156, stack(0x0000000019100000,0x0000000019200000)]
  0x00000000175fa800 JavaThread "JDWP Transport Listener: dt_socket" daemon [_thread_in_native, id=33744, stack(0x0000000018c60000,0x0000000018d60000)]
  0x00000000175ef800 JavaThread "Attach Listener" daemon [_thread_blocked, id=34940, stack(0x0000000018b60000,0x0000000018c60000)]
  0x00000000175ee000 JavaThread "Signal Dispatcher" daemon [_thread_blocked, id=18128, stack(0x0000000018a60000,0x0000000018b60000)]
  0x00000000175da800 JavaThread "Finalizer" daemon [_thread_blocked, id=37068, stack(0x0000000018870000,0x0000000018970000)]
  0x0000000002a83000 JavaThread "Reference Handler" daemon [_thread_blocked, id=37680, stack(0x0000000018770000,0x0000000018870000)]
  0x0000000002993000 JavaThread "main" [_thread_blocked, id=16948, stack(0x0000000002740000,0x0000000002840000)]

Other Threads:
  0x00000000175b7000 VMThread [stack: 0x0000000018670000,0x0000000018770000] [id=25572]
  0x0000000019499800 WatcherThread [stack: 0x0000000019b00000,0x0000000019c00000] [id=25388]

VM state:not at safepoint (normal execution)

VM Mutex/Monitor currently owned by a thread: None

heap address: 0x0000000081600000, size: 2026 MB, Compressed Oops mode: 32-bit
Narrow klass base: 0x0000000000000000, Narrow klass shift: 3
Compressed class space size: 1073741824 Address: 0x0000000100000000

Heap:
 PSYoungGen      total 38400K, used 14377K [0x00000000d5d00000, 0x00000000d8780000, 0x0000000100000000)
  eden space 33280K, 27% used [0x00000000d5d00000,0x00000000d660b0b8,0x00000000d7d80000)
  from space 5120K, 99% used [0x00000000d8280000,0x00000000d877f530,0x00000000d8780000)
  to   space 5120K, 0% used [0x00000000d7d80000,0x00000000d7d80000,0x00000000d8280000)
 ParOldGen       total 87552K, used 325K [0x0000000081600000, 0x0000000086b80000, 0x00000000d5d00000)
  object space 87552K, 0% used [0x0000000081600000,0x00000000816517e0,0x0000000086b80000)
 Metaspace       used 14041K, capacity 14792K, committed 15104K, reserved 1062912K
  class space    used 1742K, capacity 1932K, committed 2048K, reserved 1048576K

Card table byte_map: [0x0000000011e50000,0x0000000012250000] byte_map_base: 0x0000000011a45000

Marking Bits: (ParMarkBitMap*) 0x0000000067f2be30
 Begin Bits: [0x0000000012900000, 0x00000000148a8000)
 End Bits:   [0x00000000148a8000, 0x0000000016850000)

Polling page: 0x0000000000960000

CodeCache: size=245760Kb used=6217Kb max_used=6217Kb free=239542Kb
 bounds [0x0000000002a90000, 0x00000000030b0000, 0x0000000011a90000]
 total_blobs=1965 nmethods=1572 adapters=313
 compilation: enabled

Compilation events (10 events):
Event: 16.988 Thread 0x00000000194d3800 nmethod 1568 0x00000000030a0e50 code [0x00000000030a1020, 0x00000000030a1768]
Event: 16.991 Thread 0x000000001940f000 1569       4       org.eclipse.jdt.launching.internal.org.objectweb.asm.MethodWriter::computeMethodInfoSize (685 bytes)
Event: 16.994 Thread 0x00000000194d3800 1570       3       java.lang.AbstractStringBuilder::append (54 bytes)
Event: 16.995 Thread 0x00000000194d3800 nmethod 1570 0x00000000030a01d0 code [0x00000000030a03a0, 0x00000000030a0cc8]
Event: 16.997 Thread 0x00000000194d3800 1571       3       jdk.internal.org.objectweb.asm.AnnotationWriter::put (109 bytes)
Event: 16.998 Thread 0x00000000194d3800 nmethod 1571 0x000000000309f890 code [0x000000000309fa40, 0x000000000309fef8]
Event: 16.999 Thread 0x00000000194d3800 1572       3       java.lang.StringBuilder::append (8 bytes)
Event: 17.000 Thread 0x00000000194d3800 nmethod 1572 0x000000000309f4d0 code [0x000000000309f640, 0x000000000309f7e8]
Event: 17.000 Thread 0x00000000194c8800 1573       4       org.eclipse.jdt.launching.internal.org.objectweb.asm.MethodWriter::putFrameType (83 bytes)
Event: 17.000 Thread 0x00000000194d3800 1574       3       java.lang.StringBuilder::append (6 bytes)

GC Heap History (4 events):
Event: 2.361 GC heap before
{Heap before GC invocations=1 (full 0):
 PSYoungGen      total 38400K, used 33280K [0x00000000d5d00000, 0x00000000d8780000, 0x0000000100000000)
  eden space 33280K, 100% used [0x00000000d5d00000,0x00000000d7d80000,0x00000000d7d80000)
  from space 5120K, 0% used [0x00000000d8280000,0x00000000d8280000,0x00000000d8780000)
  to   space 5120K, 0% used [0x00000000d7d80000,0x00000000d7d80000,0x00000000d8280000)
 ParOldGen       total 87552K, used 0K [0x0000000081600000, 0x0000000086b80000, 0x00000000d5d00000)
  object space 87552K, 0% used [0x0000000081600000,0x0000000081600000,0x0000000086b80000)
 Metaspace       used 9296K, capacity 9554K, committed 9600K, reserved 1058816K
  class space    used 1048K, capacity 1131K, committed 1152K, reserved 1048576K
Event: 2.371 GC heap after
Heap after GC invocations=1 (full 0):
 PSYoungGen      total 38400K, used 4278K [0x00000000d5d00000, 0x00000000d8780000, 0x0000000100000000)
  eden space 33280K, 0% used [0x00000000d5d00000,0x00000000d5d00000,0x00000000d7d80000)
  from space 5120K, 83% used [0x00000000d7d80000,0x00000000d81ad800,0x00000000d8280000)
  to   space 5120K, 0% used [0x00000000d8280000,0x00000000d8280000,0x00000000d8780000)
 ParOldGen       total 87552K, used 16K [0x0000000081600000, 0x0000000086b80000, 0x00000000d5d00000)
  object space 87552K, 0% used [0x0000000081600000,0x0000000081604000,0x0000000086b80000)
 Metaspace       used 9296K, capacity 9554K, committed 9600K, reserved 1058816K
  class space    used 1048K, capacity 1131K, committed 1152K, reserved 1048576K
}
Event: 3.749 GC heap before
{Heap before GC invocations=2 (full 0):
 PSYoungGen      total 38400K, used 37558K [0x00000000d5d00000, 0x00000000d8780000, 0x0000000100000000)
  eden space 33280K, 100% used [0x00000000d5d00000,0x00000000d7d80000,0x00000000d7d80000)
  from space 5120K, 83% used [0x00000000d7d80000,0x00000000d81ad800,0x00000000d8280000)
  to   space 5120K, 0% used [0x00000000d8280000,0x00000000d8280000,0x00000000d8780000)
 ParOldGen       total 87552K, used 16K [0x0000000081600000, 0x0000000086b80000, 0x00000000d5d00000)
  object space 87552K, 0% used [0x0000000081600000,0x0000000081604000,0x0000000086b80000)
 Metaspace       used 13056K, capacity 13738K, committed 13952K, reserved 1060864K
  class space    used 1606K, capacity 1803K, committed 1920K, reserved 1048576K
Event: 3.757 GC heap after
Heap after GC invocations=2 (full 0):
 PSYoungGen      total 38400K, used 5117K [0x00000000d5d00000, 0x00000000d8780000, 0x0000000100000000)
  eden space 33280K, 0% used [0x00000000d5d00000,0x00000000d5d00000,0x00000000d7d80000)
  from space 5120K, 99% used [0x00000000d8280000,0x00000000d877f530,0x00000000d8780000)
  to   space 5120K, 0% used [0x00000000d7d80000,0x00000000d7d80000,0x00000000d8280000)
 ParOldGen       total 87552K, used 325K [0x0000000081600000, 0x0000000086b80000, 0x00000000d5d00000)
  object space 87552K, 0% used [0x0000000081600000,0x00000000816517e0,0x0000000086b80000)
 Metaspace       used 13056K, capacity 13738K, committed 13952K, reserved 1060864K
  class space    used 1606K, capacity 1803K, committed 1920K, reserved 1048576K
}

Deoptimization events (10 events):
Event: 3.611 Thread 0x0000000002993000 Uncommon trap: reason=class_check action=maybe_recompile pc=0x0000000002e846e8 method=java.util.regex.Pattern$Curly.match(Ljava/util/regex/Matcher;ILjava/lang/CharSequence;)Z @ 19
Event: 3.646 Thread 0x0000000002993000 Uncommon trap: reason=unstable_if action=reinterpret pc=0x0000000002d22ecc method=org.eclipse.jdt.launching.internal.org.objectweb.asm.ByteVector.putUTF8(Ljava/lang/String;)Lorg/eclipse/jdt/launching/internal/org/objectweb/asm/ByteVector; @ 91
Event: 3.646 Thread 0x0000000002993000 Uncommon trap: reason=unstable_if action=reinterpret pc=0x0000000002ea50f0 method=org.eclipse.jdt.launching.internal.org.objectweb.asm.ByteVector.encodeUTF8(Ljava/lang/String;II)Lorg/eclipse/jdt/launching/internal/org/objectweb/asm/ByteVector; @ 30
Event: 3.646 Thread 0x0000000002993000 Uncommon trap: reason=unstable_if action=reinterpret pc=0x0000000002c1a1ac method=org.eclipse.jdt.launching.internal.org.objectweb.asm.ByteVector.putUTF8(Ljava/lang/String;)Lorg/eclipse/jdt/launching/internal/org/objectweb/asm/ByteVector; @ 98
Event: 3.690 Thread 0x0000000002993000 Uncommon trap: reason=unstable_if action=reinterpret pc=0x0000000002f8c270 method=java.util.regex.Pattern$BmpCharProperty.match(Ljava/util/regex/Matcher;ILjava/lang/CharSequence;)Z @ 34
Event: 7.778 Thread 0x0000000002993000 Uncommon trap: reason=class_check action=maybe_recompile pc=0x0000000002f4726c method=java.util.HashMap.putVal(ILjava/lang/Object;Ljava/lang/Object;ZZ)Ljava/lang/Object; @ 91
Event: 7.828 Thread 0x0000000002993000 Uncommon trap: reason=class_check action=maybe_recompile pc=0x0000000003047990 method=org.eclipse.jdt.launching.internal.org.objectweb.asm.MethodWriter.putFrameType(Ljava/lang/Object;)V @ 26
Event: 7.828 Thread 0x0000000002993000 Uncommon trap: reason=class_check action=maybe_recompile pc=0x0000000003047990 method=org.eclipse.jdt.launching.internal.org.objectweb.asm.MethodWriter.putFrameType(Ljava/lang/Object;)V @ 26
Event: 7.828 Thread 0x0000000002993000 Uncommon trap: reason=class_check action=maybe_recompile pc=0x0000000003047990 method=org.eclipse.jdt.launching.internal.org.objectweb.asm.MethodWriter.putFrameType(Ljava/lang/Object;)V @ 26
Event: 7.828 Thread 0x0000000002993000 Uncommon trap: reason=class_check action=maybe_recompile pc=0x0000000003047990 method=org.eclipse.jdt.launching.internal.org.objectweb.asm.MethodWriter.putFrameType(Ljava/lang/Object;)V @ 26

Classes redefined (0 events):
No events

Internal exceptions (10 events):
Event: 3.469 Thread 0x0000000002993000 Exception <a 'java/lang/ArrayIndexOutOfBoundsException'> (0x00000000d6914488) thrown at [C:\ade\jenkins\workspace\8-2-build-windows-amd64-cygwin\jdk8u241\331\hotspot\src\share\vm\runtime\sharedRuntime.cpp, line 605]
Event: 3.469 Thread 0x0000000002993000 Exception <a 'java/lang/ArrayIndexOutOfBoundsException'> (0x00000000d691a410) thrown at [C:\ade\jenkins\workspace\8-2-build-windows-amd64-cygwin\jdk8u241\331\hotspot\src\share\vm\runtime\sharedRuntime.cpp, line 605]
Event: 3.527 Thread 0x0000000002993000 Exception <a 'java/lang/NoSuchMethodError': java.lang.Object.lambda$chars$0()Ljava/util/Spliterator$OfInt;> (0x00000000d6cf5f08) thrown at [C:\ade\jenkins\workspace\8-2-build-windows-amd64-cygwin\jdk8u241\331\hotspot\src\share\vm\interpreter\linkResolver.
Event: 7.761 Thread 0x0000000002993000 Exception <a 'java/lang/NoSuchMethodError': java.lang.Object.lambda$getResponseFunction$0(Lorg/openqa/selenium/remote/InitialHandshakeResponse;)Lorg/openqa/selenium/remote/ProtocolHandshake$Result;> (0x00000000d61002b0) thrown at [C:\ade\jenkins\workspace
Event: 7.843 Thread 0x0000000002993000 Exception <a 'java/net/SocketTimeoutException': Read timed out> (0x00000000d63d1870) thrown at [C:\ade\jenkins\workspace\8-2-build-windows-amd64-cygwin\jdk8u241\331\hotspot\src\share\vm\prims\jni.cpp, line 736]
Event: 15.745 Thread 0x0000000002993000 Exception <a 'java/net/SocketTimeoutException': Read timed out> (0x00000000d640d358) thrown at [C:\ade\jenkins\workspace\8-2-build-windows-amd64-cygwin\jdk8u241\331\hotspot\src\share\vm\prims\jni.cpp, line 736]
Event: 15.765 Thread 0x0000000002993000 Exception <a 'java/net/SocketTimeoutException': Read timed out> (0x00000000d642e488) thrown at [C:\ade\jenkins\workspace\8-2-build-windows-amd64-cygwin\jdk8u241\331\hotspot\src\share\vm\prims\jni.cpp, line 736]
Event: 16.944 Thread 0x0000000002993000 Exception <a 'java/net/SocketTimeoutException': Read timed out> (0x00000000d64f0ac0) thrown at [C:\ade\jenkins\workspace\8-2-build-windows-amd64-cygwin\jdk8u241\331\hotspot\src\share\vm\prims\jni.cpp, line 736]
Event: 16.983 Thread 0x0000000002993000 Exception <a 'java/lang/NoSuchMethodError': java.lang.Object.lambda$comparingInt$7b0bb60$1(Ljava/util/function/ToIntFunction;Ljava/lang/Object;Ljava/lang/Object;)I> (0x00000000d6520038) thrown at [C:\ade\jenkins\workspace\8-2-build-windows-amd64-cygwin\jd
Event: 16.995 Thread 0x0000000002993000 Exception <a 'java/lang/NoSuchMethodError': java.lang.Object.lambda$comparing$77a9974f$1(Ljava/util/function/Function;Ljava/lang/Object;Ljava/lang/Object;)I> (0x00000000d6566e60) thrown at [C:\ade\jenkins\workspace\8-2-build-windows-amd64-cygwin\jdk8u241\

Events (10 events):
Event: 16.999 loading class java/util/stream/SortedOps$SizedRefSortingSink
Event: 16.999 loading class java/util/stream/SortedOps$SizedRefSortingSink done
Event: 16.999 loading class org/openqa/selenium/Proxy$1
Event: 16.999 loading class org/openqa/selenium/Proxy$1 done
Event: 16.999 Thread 0x0000000002993000 DEOPT PACKING pc=0x0000000002eb0c01 sp=0x000000000283d660
Event: 16.999 Thread 0x0000000002993000 DEOPT UNPACKING pc=0x0000000002ad7890 sp=0x000000000283d3b0 mode 1
Event: 16.999 Thread 0x0000000002993000 DEOPT PACKING pc=0x0000000002ca10fc sp=0x000000000283d6e0
Event: 16.999 Thread 0x0000000002993000 DEOPT UNPACKING pc=0x0000000002ad7890 sp=0x000000000283d500 mode 1
Event: 17.000 Thread 0x0000000002993000 DEOPT PACKING pc=0x0000000002ca0e94 sp=0x000000000283d870
Event: 17.000 Thread 0x0000000002993000 DEOPT UNPACKING pc=0x0000000002ad7890 sp=0x000000000283d690 mode 1


Dynamic libraries:
0x00007ff775030000 - 0x00007ff775067000 	C:\Program Files\Java\jre1.8.0_241\bin\javaw.exe
0x00007ffcddad0000 - 0x00007ffcddcb1000 	C:\WINDOWS\SYSTEM32\ntdll.dll
0x00007ffcdd2e0000 - 0x00007ffcdd391000 	C:\WINDOWS\System32\KERNEL32.DLL
0x00007ffcdab30000 - 0x00007ffcdada3000 	C:\WINDOWS\System32\KERNELBASE.dll
0x00007ffcdbc10000 - 0x00007ffcdbcb1000 	C:\WINDOWS\System32\ADVAPI32.dll
0x00007ffcdaf50000 - 0x00007ffcdafee000 	C:\WINDOWS\System32\msvcrt.dll
0x00007ffcdd200000 - 0x00007ffcdd25b000 	C:\WINDOWS\System32\sechost.dll
0x00007ffcdd810000 - 0x00007ffcdd934000 	C:\WINDOWS\System32\RPCRT4.dll
0x00007ffcdb1f0000 - 0x00007ffcdb380000 	C:\WINDOWS\System32\USER32.dll
0x00007ffcda6a0000 - 0x00007ffcda6c0000 	C:\WINDOWS\System32\win32u.dll
0x00007ffcdd7e0000 - 0x00007ffcdd808000 	C:\WINDOWS\System32\GDI32.dll
0x00007ffcdadb0000 - 0x00007ffcdaf41000 	C:\WINDOWS\System32\gdi32full.dll
0x00007ffcda5a0000 - 0x00007ffcda63f000 	C:\WINDOWS\System32\msvcp_win.dll
0x00007ffcda7f0000 - 0x00007ffcda8e8000 	C:\WINDOWS\System32\ucrtbase.dll
0x00007ffcd1970000 - 0x00007ffcd1bd9000 	C:\WINDOWS\WinSxS\amd64_microsoft.windows.common-controls_6595b64144ccf1df_6.0.17134.1304_none_d3fbe61b7c93d9f0\COMCTL32.dll
0x00007ffcdd4b0000 - 0x00007ffcdd7d1000 	C:\WINDOWS\System32\combase.dll
0x00007ffcda6c0000 - 0x00007ffcda739000 	C:\WINDOWS\System32\bcryptPrimitives.dll
0x00007ffcdb730000 - 0x00007ffcdb75d000 	C:\WINDOWS\System32\IMM32.DLL
0x0000000067fb0000 - 0x0000000068082000 	C:\Program Files\Java\jre1.8.0_241\bin\msvcr100.dll
0x0000000067700000 - 0x0000000067fac000 	C:\Program Files\Java\jre1.8.0_241\bin\server\jvm.dll
0x00007ffcdb380000 - 0x00007ffcdb388000 	C:\WINDOWS\System32\PSAPI.DLL
0x00007ffcd2a00000 - 0x00007ffcd2a23000 	C:\WINDOWS\SYSTEM32\WINMM.dll
0x00007ffcd4fb0000 - 0x00007ffcd4fba000 	C:\WINDOWS\SYSTEM32\VERSION.dll
0x00007ffcd29d0000 - 0x00007ffcd29fa000 	C:\WINDOWS\SYSTEM32\winmmbase.dll
0x00007ffcda8f0000 - 0x00007ffcda939000 	C:\WINDOWS\System32\cfgmgr32.dll
0x00007ffcd0450000 - 0x00007ffcd0459000 	C:\WINDOWS\SYSTEM32\WSOCK32.dll
0x00007ffcdd440000 - 0x00007ffcdd4ac000 	C:\WINDOWS\System32\ws2_32.DLL
0x00007ffcd4f70000 - 0x00007ffcd4f7f000 	C:\Program Files\Java\jre1.8.0_241\bin\verify.dll
0x00007ffcc4780000 - 0x00007ffcc47a9000 	C:\Program Files\Java\jre1.8.0_241\bin\java.dll
0x00007ffcbf490000 - 0x00007ffcbf4c5000 	C:\Program Files\Java\jre1.8.0_241\bin\jdwp.dll
0x00007ffccec20000 - 0x00007ffccec28000 	C:\Program Files\Java\jre1.8.0_241\bin\npt.dll
0x00007ffcc32b0000 - 0x00007ffcc32d3000 	C:\Program Files\Java\jre1.8.0_241\bin\instrument.dll
0x00007ffccc890000 - 0x00007ffccc8a6000 	C:\Program Files\Java\jre1.8.0_241\bin\zip.dll
0x00007ffcdbdb0000 - 0x00007ffcdd1f5000 	C:\WINDOWS\System32\SHELL32.dll
0x00007ffcdbcd0000 - 0x00007ffcdbd79000 	C:\WINDOWS\System32\shcore.dll
0x00007ffcd9e90000 - 0x00007ffcda5a0000 	C:\WINDOWS\System32\windows.storage.dll
0x00007ffcdb6d0000 - 0x00007ffcdb721000 	C:\WINDOWS\System32\shlwapi.dll
0x00007ffcd9e50000 - 0x00007ffcd9e61000 	C:\WINDOWS\System32\kernel.appcore.dll
0x00007ffcd9e30000 - 0x00007ffcd9e4f000 	C:\WINDOWS\System32\profapi.dll
0x00007ffcd9de0000 - 0x00007ffcd9e2c000 	C:\WINDOWS\System32\powrprof.dll
0x00007ffcd9dd0000 - 0x00007ffcd9dda000 	C:\WINDOWS\System32\FLTLIB.DLL
0x00007ffccc8b0000 - 0x00007ffccc8b9000 	C:\Program Files\Java\jre1.8.0_241\bin\dt_socket.dll
0x00007ffcca540000 - 0x00007ffcca556000 	C:\WINDOWS\system32\napinsp.dll
0x00007ffcc0d60000 - 0x00007ffcc0d7a000 	C:\WINDOWS\system32\pnrpnsp.dll
0x00007ffcd6300000 - 0x00007ffcd6319000 	C:\WINDOWS\system32\NLAapi.dll
0x00007ffcd9650000 - 0x00007ffcd96b6000 	C:\WINDOWS\System32\mswsock.dll
0x00007ffcd9430000 - 0x00007ffcd94ee000 	C:\WINDOWS\SYSTEM32\DNSAPI.dll
0x00007ffcdbcc0000 - 0x00007ffcdbcc8000 	C:\WINDOWS\System32\NSI.dll
0x00007ffcd93a0000 - 0x00007ffcd93d8000 	C:\WINDOWS\SYSTEM32\IPHLPAPI.DLL
0x00007ffcd56d0000 - 0x00007ffcd56de000 	C:\WINDOWS\System32\winrnr.dll
0x00007ffcc2000000 - 0x00007ffcc2015000 	C:\WINDOWS\System32\wshbth.dll
0x0000000069160000 - 0x0000000069186000 	C:\Program Files\Bonjour\mdnsNSP.dll
0x00007ffcd2530000 - 0x00007ffcd25a2000 	C:\WINDOWS\System32\fwpuclnt.dll
0x00007ffcd9930000 - 0x00007ffcd9955000 	C:\WINDOWS\SYSTEM32\bcrypt.dll
0x00007ffcd25b0000 - 0x00007ffcd25ba000 	C:\Windows\System32\rasadhlp.dll
0x00007ffcc9940000 - 0x00007ffcc995a000 	C:\Program Files\Java\jre1.8.0_241\bin\net.dll
0x00007ffcc38a0000 - 0x00007ffcc38c4000 	C:\Program Files\Java\jre1.8.0_241\bin\sunec.dll
0x00007ffcd5f20000 - 0x00007ffcd5f2b000 	C:\Program Files\Java\jre1.8.0_241\bin\sunmscapi.dll
0x00007ffcda940000 - 0x00007ffcdab22000 	C:\WINDOWS\System32\CRYPT32.dll
0x00007ffcd9e70000 - 0x00007ffcd9e82000 	C:\WINDOWS\System32\MSASN1.dll
0x00007ffcd58b0000 - 0x00007ffcd58c6000 	C:\WINDOWS\SYSTEM32\dhcpcsvc6.DLL
0x00007ffcd5aa0000 - 0x00007ffcd5aba000 	C:\WINDOWS\SYSTEM32\dhcpcsvc.DLL
0x00007ffcc9480000 - 0x00007ffcc9492000 	C:\Program Files\Java\jre1.8.0_241\bin\nio.dll
0x00007ffcd9810000 - 0x00007ffcd9827000 	C:\WINDOWS\SYSTEM32\CRYPTSP.dll
0x00007ffcd9200000 - 0x00007ffcd9233000 	C:\WINDOWS\system32\rsaenh.dll
0x00007ffcd9d00000 - 0x00007ffcd9d28000 	C:\WINDOWS\SYSTEM32\USERENV.dll
0x00007ffcd9800000 - 0x00007ffcd980b000 	C:\WINDOWS\SYSTEM32\CRYPTBASE.dll

VM Arguments:
jvm_args: -agentlib:jdwp=transport=dt_socket,suspend=y,address=localhost:53292 -javaagent:C:\Users\DELL\eclipse-jee-photon-R-win32-x86_64\eclipse\configuration\org.eclipse.osgi\418\0\.cp\lib\javaagent-shaded.jar -Dfile.encoding=Cp1252 
java_command: seliniumprgm.automationpractice2
java_class_path (initial): C:\Program Files\Java\jre1.8.0_241\lib\resources.jar;C:\Program Files\Java\jre1.8.0_241\lib\rt.jar;C:\Program Files\Java\jre1.8.0_241\lib\jsse.jar;C:\Program Files\Java\jre1.8.0_241\lib\jce.jar;C:\Program Files\Java\jre1.8.0_241\lib\charsets.jar;C:\Program Files\Java\jre1.8.0_241\lib\jfr.jar;C:\Program Files\Java\jre1.8.0_241\lib\ext\access-bridge-64.jar;C:\Program Files\Java\jre1.8.0_241\lib\ext\cldrdata.jar;C:\Program Files\Java\jre1.8.0_241\lib\ext\dnsns.jar;C:\Program Files\Java\jre1.8.0_241\lib\ext\jaccess.jar;C:\Program Files\Java\jre1.8.0_241\lib\ext\jfxrt.jar;C:\Program Files\Java\jre1.8.0_241\lib\ext\localedata.jar;C:\Program Files\Java\jre1.8.0_241\lib\ext\nashorn.jar;C:\Program Files\Java\jre1.8.0_241\lib\ext\sunec.jar;C:\Program Files\Java\jre1.8.0_241\lib\ext\sunjce_provider.jar;C:\Program Files\Java\jre1.8.0_241\lib\ext\sunmscapi.jar;C:\Program Files\Java\jre1.8.0_241\lib\ext\sunpkcs11.jar;C:\Program Files\Java\jre1.8.0_241\lib\ext\zipfs.jar;D:\Selenium\Selenium\bin;D:\Selenium\Selenium\LibraryFiles\selenium-server-standalone-3.141.59.jar;D:\Selenium\Selenium\LibraryFiles\commons-io-2.6.jar;C:\Users\DELL\eclipse-jee-photon-R-win32-x86_64\eclipse\configuration\org.eclipse.osgi\418\0\.cp\lib\javaagent-shaded.jar
Launcher Type: SUN_STANDARD

Environment Variables:
JAVA_HOME=C:\Program Files\Java\jre7
PATH=C:\Program Files (x86)\Common Files\Oracle\Java\javapath;C:\oraclexe\app\oracle\product\10.2.0\server\bin;C:\WINDOWS\system32;C:\WINDOWS;C:\WINDOWS\System32\Wbem;C:\WINDOWS\System32\WindowsPowerShell\v1.0\;C:\WINDOWS\System32\OpenSSH\;C:\Users\DELL\AppData\Local\Microsoft\WindowsApps;
USERNAME=DELL
OS=Windows_NT
PROCESSOR_IDENTIFIER=Intel64 Family 6 Model 61 Stepping 4, GenuineIntel



---------------  S Y S T E M  ---------------

OS: Windows 10.0 , 64 bit Build 17134 (10.0.17134.753)

CPU:total 4 (initial active 4) (2 cores per cpu, 2 threads per core) family 6 model 61 stepping 4, cmov, cx8, fxsr, mmx, sse, sse2, sse3, ssse3, sse4.1, sse4.2, popcnt, avx, avx2, aes, clmul, erms, 3dnowpref, lzcnt, ht, tsc, tscinvbit, bmi1, bmi2, adx

Memory: 4k page, physical 8296944k(872568k free), swap 33462768k(3328k free)

vm_info: Java HotSpot(TM) 64-Bit Server VM (25.241-b07) for windows-amd64 JRE (1.8.0_241-b07), built on Dec 11 2019 10:21:40 by "rejava" with MS VC++ 10.0 (VS2010)

time: Wed Feb 26 11:43:04 2020
timezone: India Standard Time
elapsed time: 17 seconds (0d 0h 0m 17s)

